<?xml version="1.0" encoding="UTF-8"?>
<!-- Generated by org.testng.reporters.JUnitReportReporter -->
<testsuite hostname="9542c961512a5ef" failures="0" tests="3" name="testrunner" time="53.676" errors="0" timestamp="2025-12-05T16:54:28 IST" skipped="0">
  <testcase classname="testrunner" name="runScenario" time="31.383"/>
  <system-out/>
  <testcase classname="testrunner" name="runScenario" time="13.817"/>
  <system-out/>
  <testcase classname="testrunner" name="runScenario" time="8.476"/>
  <system-out/>
</testsuite> <!-- testrunner -->
